C51 COMPILER V9.59.0.0   FF_S1                                                             03/18/2021 10:16:37 PAGE 1   


C51 COMPILER V9.59.0.0, COMPILATION OF MODULE FF_S1
OBJECT MODULE PLACED IN .\Objects\FF-S1.obj
COMPILER INVOKED BY: C:\Keil_v5\C51\BIN\C51.EXE FF-S1.c OPTIMIZE(8,SPEED) BROWSE DEBUG OBJECTEXTEND PRINT(.\Listings\FF-
                    -S1.lst) TABS(2) OBJECT(.\Objects\FF-S1.obj)

line level    source

   1          //-----------------------------------------------------------------------------
   2          // TP5.c
   3          //-----------------------------------------------------------------------------
   4          // AUTH: 
   5          // DATE: 
   6          //
   7          // Target: C8051F02x
   8          // Tool chain: KEIL Microvision 4
   9          //
  10          //-----------------------------------------------------------------------------
  11          #include <C8051F020.h>
  12          #include "c8051F020_SFR16.h"
  13          #include "FF-S1_Config.h"
  14          #include "FF-S1_Divers.h"
  15          #include <stdlib.h>
  16          
  17          unsigned char Intensite=80; //On met à 20% comme valeur d'exemple
  18          unsigned char Lum_ON=10;
  19          unsigned char Lum_OFF=20;
  20          unsigned char Lum_Nbre=10;
  21          int currentNum = 0;
  22          int one_cs = 20828; //Nombre de cycles processeur pour attendre 1cs.
  23          int cptON = 0;
  24          int cptOFF = 0;
  25          int divTimer = 0;
  26          int t_on = 0;
  27          int t_off = 0;
  28          int cpt = 0;
  29          
  30          sbit LED = P1^6;
  31          int i=1;
  32          int k=0;
  33          
  34          char xdata buffer[35];
  35          
  36          #define Reset_Timer3Overflow TMR3CN &= 0x04
  37          #define Disable_Timer3 TMR3CN = 0x00
  38          // Prototypes de Fonctions
  39          
  40          void Transmission(unsigned char arg){
  41   1        while (buffer[k] != '\r'){
  42   2          RI0 = 0;
  43   2          REN0 = 0;     //desactive reception
  44   2          buffer[k] = SBUF0;
  45   2          REN0 = 1; //active reception pour next msg
  46   2          k++;
  47   2        }
  48   1          buffer[k] = '\0';
  49   1          arg = atoi(buffer);
  50   1      }
  51          
  52          void Reception(void){
  53   1        
  54   1          while (RI0 == 0){}
C51 COMPILER V9.59.0.0   FF_S1                                                             03/18/2021 10:16:37 PAGE 2   

  55   1          Transmission(Intensite);
  56   1          while (RI0 == 0){}
  57   1          Transmission(Lum_ON);
  58   1          while (RI0 == 0){}
  59   1          Transmission(Lum_OFF);
  60   1          while (RI0 == 0){}
  61   1          Transmission(Lum_Nbre);
  62   1          EIE2 |= 0x01;
  63   1      }
  64          
  65          void Lumiere(unsigned char Intensite,unsigned char Lum_ON,unsigned char Lum_OFF,unsigned char Lum_Nbre){
  66   1        //Gestion de l'intensité
  67   1        t_on = one_cs*(Intensite/100.0);
  68   1        t_off = one_cs - t_on;
  69   1          if (currentNum != Lum_Nbre && Lum_ON != 0 && cptON != 20*Lum_ON){
  70   2            //On garde allumé (à l'intensité qu'on veut) pendant Lum_ON décisecondes
  71   2            cptON++;
  72   2            if(LED) {
  73   3              TMR3RL = 0xFFFF - t_on; //Variable avec Intensite
  74   3          }
  75   2            else if (t_off != 0) {
  76   3              TMR3RL = 0xFFFF - t_off;
  77   3          }
  78   2          //Générateur de signaux
  79   2          LED = !LED;
  80   2          Reset_Timer3Overflow;
  81   2          cptOFF = 0; //Reset du compteur de Lum_OFF pour son prochain allumage
  82   2          return ;
  83   2        }
  84   1          else if (currentNum != Lum_Nbre && Lum_OFF != 0 && cptOFF != 20*Lum_OFF){
  85   2            //On garde éteint pendant Lum_OFF millisecondes => On met LED à 0 et on ne rentre plus dans l'ISR penda
             -nt Lum_OFF secondes
  86   2            cptOFF++;
  87   2            LED = 0;
  88   2            TMR3RL = 0xFFFF - 10414; //On le met à la même période que le ON ((TMRRL dutyON + TMRRL dutyOFF )/ 2)
  89   2            Reset_Timer3Overflow;
  90   2            if ( cptOFF == 20*Lum_OFF) {
  91   3              currentNum++;
  92   3              cptON = 0; //Reset du compteur de Lum_ON pour son prochain allumage
  93   3            }
  94   2            return ; //On sort immédiatement de la fonction
  95   2          }
  96   1          //Gestion du rapport cyclique : Mode basique sans clignotement
  97   1        if(LED) {
  98   2          TMR3RL = 0xFFFF - t_on; // A terme, on veut pouvoir influencer ces valeurs de reload avec Intensite
  99   2        }
 100   1        else {
 101   2          TMR3RL = 0xFFFF - t_off; // On ne garde PAS à 65535, ça cause des erreurs
 102   2        }
 103   1        //Générateur de signaux
 104   1        LED = !LED;
 105   1        Reset_Timer3Overflow;
 106   1      }
 107          
 108          void Lumiere_Stop(void){
 109   1        //If (Réception du caractère d'extinction par l'UART) {
 110   1        //Disable_Timer3;   //Désactive le signal d'allumage du pointeur
 111   1        //}
 112   1      }
 113          //-----------------------------------------------------------------------------
 114          //-----------------------------------------------------------------------------
 115          // MAIN Routine
C51 COMPILER V9.59.0.0   FF_S1                                                             03/18/2021 10:16:37 PAGE 3   

 116          //-----------------------------------------------------------------------------
 117          void main (void) {
 118   1             
 119   1          Init_Device();  // Appel des configurations globales
 120   1          
 121   1      // Début Insertion Code Configuration des périphériques ***********************
 122   1          EA = 1;
 123   1        
 124   1      // Fin Code Initialisations ***************************************************
 125   1          Reception();
 126   1        
 127   1      // Début Insertion Code Phase Démarrage *************************************** 
 128   1            
 129   1            
 130   1      // Fin Code phase Démarrage ***************************************************
 131   1        
 132   1        
 133   1        while(1)
 134   1              {
 135   2            Lumiere_Stop(); //On vérifie en permanence si on reçoit le caractère d'extinction
 136   2              }                       
 137   1      }
 138          
 139          //-----------------------------------------------------------------------------
 140          //-----------------------------------------------------------------------------
 141          // Fonctions de configuration des divers périphériques
 142          //-----------------------------------------------------------------------------
 143          // Insérez vos fonctions de configuration ici
 144          
 145          //-----------------------------------------------------------------------------
 146          //-----------------------------------------------------------------------------
 147          // Fonctions d'interruptions
 148          //-----------------------------------------------------------------------------
 149          // Insérez vos fonctions d'interruption ici
 150          
 151          void ISR_timer3Overflow() interrupt 14
 152          {
 153   1          Lumiere(Intensite,Lum_ON, Lum_OFF, Lum_Nbre);
 154   1      }


MODULE INFORMATION:   STATIC OVERLAYABLE
   CODE SIZE        =    451    ----
   CONSTANT SIZE    =   ----    ----
   XDATA SIZE       =     35    ----
   PDATA SIZE       =   ----    ----
   DATA SIZE        =     24       5
   IDATA SIZE       =   ----    ----
   BIT SIZE         =   ----    ----
END OF MODULE INFORMATION.


C51 COMPILATION COMPLETE.  0 WARNING(S),  0 ERROR(S)
