C51 COMPILER V9.59.0.0   FF_S1_DIVERS                                                      03/04/2021 08:37:12 PAGE 1   


C51 COMPILER V9.59.0.0, COMPILATION OF MODULE FF_S1_DIVERS
OBJECT MODULE PLACED IN .\Objects\FF-S1_Divers.obj
COMPILER INVOKED BY: C:\Keil_v5\C51\BIN\C51.EXE FF-S1_Divers.C OPTIMIZE(8,SPEED) BROWSE DEBUG OBJECTEXTEND PRINT(.\Listi
                    -ngs\FF-S1_Divers.lst) TABS(2) OBJECT(.\Objects\FF-S1_Divers.obj)

line level    source

   1          /******************************************************************************
   2          ;   FILE NAME   : TP4_Lib_Divers.C
   3          ;   TARGET MCUs : C8051F020, 
   4          ;   DESCRIPTION : Fonctions diverses mises à disposition
   5          ;
   6          ;   REVISION 1.0
   7          ;   Ce fichier contient diverses fonctions susceptibles de vous faire gagner 
   8          ;   un peu de temps
   9          */
  10          //******************************************************************************
  11          
  12          #include "C8051F020.h"
  13          #include "c8051F020_SFR16.h"
  14          #include "FF-S1_Divers.h"
  15          
  16          //*****************************************************************************  
  17          //*****************************************************************************  
  18          // Software_Delay_10ms -- Temporisation 10ms
  19          //  Pour SYSCLK = 2 MHz
  20          //  Vérifiée en  simulation
  21          void Software_Delay_10ms(void)
  22             { 
  23   1         unsigned int i;
  24   1         for(i=0;i<998;i++){}
  25   1         }
  26          //*****************************************************************************  
  27          //*****************************************************************************  
  28          // Software_Delay -- Temporisation paramétrable
  29          //      Pour SYSCLK = 2 MHz
  30          //      Vérifiée en  simulation
  31          //      L'argument passé en exprimé en centièmes de seconde (dans l'hypothèse 
  32          //      où SYSCLK = 2MHz)
  33             
  34           void Software_Delay(unsigned int hundredth_second)
  35             { 
  36   1         unsigned int i;
  37   1         
  38   1         for(i=0;i<hundredth_second;i++)
  39   1            { 
  40   2            Software_Delay_10ms();
  41   2            }
  42   1         }
  43          
  44          


MODULE INFORMATION:   STATIC OVERLAYABLE
   CODE SIZE        =     40    ----
   CONSTANT SIZE    =   ----    ----
   XDATA SIZE       =   ----    ----
   PDATA SIZE       =   ----    ----
   DATA SIZE        =   ----    ----
   IDATA SIZE       =   ----    ----
   BIT SIZE         =   ----    ----
C51 COMPILER V9.59.0.0   FF_S1_DIVERS                                                      03/04/2021 08:37:12 PAGE 2   

END OF MODULE INFORMATION.


C51 COMPILATION COMPLETE.  0 WARNING(S),  0 ERROR(S)
