C51 COMPILER V9.59.0.0   FF_S1_CONFIG_                                                     03/04/2021 08:36:50 PAGE 1   


C51 COMPILER V9.59.0.0, COMPILATION OF MODULE FF_S1_CONFIG_
OBJECT MODULE PLACED IN .\Objects\FF-S1_Config_.obj
COMPILER INVOKED BY: C:\Keil_v5\C51\BIN\C51.EXE FF-S1_Config_.c OPTIMIZE(8,SPEED) BROWSE DEBUG OBJECTEXTEND PRINT(.\List
                    -ings\FF-S1_Config_.lst) TABS(2) OBJECT(.\Objects\FF-S1_Config_.obj)

line level    source

   1          /******************************************************************************
   2          ;   FILE NAME   : TP4_Lib_Config_Globale_8051F020.C
   3          ;   TARGET MCUs : C8051F020, 
   4          ;   DESCRIPTION : Configurations GLOBALES pour le 8051F020
   5          ;
   6          ;   REVISION 1.0
   7          ;   Ce fichier contient les codes de configuration globale du 8051F020
   8          ;     - Configuration de l'horloge système SYSCLK
   9          ;     - Configuration des broches du 80851F020
  10          ;     - Configuration Reset et watchdog
  11          */
  12          //******************************************************************************
  13          
  14          #include "C8051F020.h"
  15          #include "c8051F020_SFR16.h"
  16          
  17          sbit FREQ_OUT = P3^2;
  18          sbit CHG_FREQ = P2^2;
  19          sbit LED = P1^6;
  20          
  21          // Peripheral specific initialization functions,
  22          // Called from the Init_Device() function
  23          
  24          //-----------------------------------------------------------------------------
  25          // Dévalidation du watchdog
  26          //-----------------------------------------------------------------------------
  27          void Reset_Sources_Init()
  28          {
  29   1         WDTCN = 0xDE;
  30   1         WDTCN = 0XAD;
  31   1      // Début Insertion Code configuration Reset  **********************************
  32   1         EA = 0;
  33   1         EIE2 = 0x01; //Timer 3 interrupt enabled
  34   1         ET2 = 1; //Timer 2 interrupt enabled
  35   1         EA = 1;
  36   1      // Fin Insertion Code configuration Reset et **********************************
  37   1      }
  38          
  39          //-----------------------------------------------------------------------------
  40          // Configuration des Ports d'entrée-sorties
  41          //-----------------------------------------------------------------------------
  42          
  43          void Port_IO_Init()
  44          {
  45   1          // P0.0  -  Unassigned, Open-Drain, Digital
  46   1          // P0.1  -  Unassigned, Open-Drain, Digital
  47   1          // P0.2  -  Unassigned, Open-Drain, Digital
  48   1          // P0.3  -  Unassigned,  Open-Drain, Digital
  49   1          // P0.4  -  Unassigned,  Open-Drain, Digital
  50   1          // P0.5  -  Unassigned,  Open-Drain, Digital
  51   1          // P0.6  -  Unassigned,  Open-Drain, Digital
  52   1          // P0.7  -  Unassigned,  Open-Drain, Digital
  53   1      
  54   1          // P1.0  -  Unassigned,  Open-Drain, Digital
C51 COMPILER V9.59.0.0   FF_S1_CONFIG_                                                     03/04/2021 08:36:50 PAGE 2   

  55   1          // P1.1  -  Unassigned,  Open-Drain, Digital
  56   1          // P1.2  -  Unassigned,  Open-Drain, Digital
  57   1          // P1.3  -  Unassigned,  Open-Drain, Digital
  58   1          // P1.4  -  Unassigned,  Open-Drain, Digital
  59   1          // P1.5  -  Unassigned,  Open-Drain, Digital
  60   1          // P1.6  -  LED       ,  Open-Drain, Digital
  61   1          // P1.7  -  Unassigned,  Open-Drain, Digital
  62   1      
  63   1          // P2.0  -  Unassigned,  Open-Drain, Digital
  64   1          // P2.1  -  Unassigned,  Open-Drain, Digital
  65   1          // P2.2  -  CHG_FREQ,    Open-Drain, Digital
  66   1          // P2.3  -  Unassigned,  Open-Drain, Digital
  67   1          // P2.4  -  Unassigned,  Open-Drain, Digital
  68   1          // P2.5  -  Unassigned,  Open-Drain, Digital
  69   1          // P2.6  -  Unassigned,  Open-Drain, Digital
  70   1          // P2.7  -  Unassigned,  Open-Drain, Digital
  71   1      
  72   1          // P3.0  -  Unassigned,  Open-Drain, Digital
  73   1          // P3.1  -  Unassigned,  Open-Drain, Digital
  74   1          // P3.2  -  FREQ_OUT,    Push-Pull, Digital
  75   1          // P3.3  -  Unassigned,  Open-Drain, Digital
  76   1          // P3.4  -  Unassigned,  Open-Drain, Digital
  77   1          // P3.5  -  Unassigned,  Open-Drain, Digital
  78   1          // P3.6  -  Unassigned,  Open-Drain, Digital Input INT6
  79   1          // P3.7  -  BP        ,  Open-Drain, Digital Input INT7
  80   1          
  81   1          // P4.0 to P7.7   Unassigned,  Open-Drain, Digital
  82   1          
  83   1      // Début Insertion Code configuration Crossbar et GPIO ************************
  84   1      //On a P2.2 en entrée / P1.6 et P3.2 en sortie
  85   1          P0MDOUT   |= 0x01; // P0.0 en Push-Pull        Assigné par le prof dans TP4, je veux pas casser le progr
             -amme
  86   1          P1MDOUT   |= 0x44; // P1.6 et P1.2 en Push-Pull  Celui là aussi, mais ça fait plus sens car P1.6 est e
             -n sortie car LED
  87   1          //P2MDOUT   |=0x0; Inchangé, on laisse en Open Drain car entrée
  88   1          P3MDOUT   |= 0x04; //P3.2 en Push-Pull, car c'est une sortie
  89   1          XBR0      = 0x04; //Activation de l'UART0
  90   1          XBR1      = 0xFE; //Activation de l'external input Timer2 et du sysclock (le reste jsp mais je veux pa
             -s casser le programme)
  91   1          XBR2      = 0x58; //Activation de beaucoup de trucs, wow wtf
  92   1          
  93   1          
  94   1           
  95   1      // Fin Insertion Code configuration Crossbar et GPIO **************************
  96   1      
  97   1      }
  98          
  99          //-----------------------------------------------------------------------------
 100          // Config oscillateur - SYSCLK = 22,1184MHz - Oscillateur externe à quartz 
 101          //-----------------------------------------------------------------------------
 102          void Oscillator_Init_Osc_Quartz()
 103          {
 104   1      
 105   1          int i = 0;
 106   1          OSCXCN    = 0x67;  // Config de l'horloge externe - Quartz > 6,7 MHz
 107   1          for (i = 0; i < 3000; i++);  // attente stabilisation Fosc quartz
 108   1          while ((OSCXCN & 0x80) == 0); // validation stabilité du quartz
 109   1          OSCICN    = 0x0C;  // Commutation sur oscillateur externe 
 110   1                             // L'oscillateur n'est pas stopp
 111   1      }
 112          
 113          //-----------------------------------------------------------------------------
C51 COMPILER V9.59.0.0   FF_S1_CONFIG_                                                     03/04/2021 08:36:50 PAGE 3   

 114          // Initialisation globale du Microcontrôleur - 
 115          //-----------------------------------------------------------------------------
 116          void Init_Device(void)
 117          {
 118   1          Reset_Sources_Init();
 119   1          Port_IO_Init();
 120   1          Oscillator_Init_Osc_Quartz();
 121   1      }
 122          
 123          
 124          


MODULE INFORMATION:   STATIC OVERLAYABLE
   CODE SIZE        =     71    ----
   CONSTANT SIZE    =   ----    ----
   XDATA SIZE       =   ----    ----
   PDATA SIZE       =   ----    ----
   DATA SIZE        =   ----    ----
   IDATA SIZE       =   ----    ----
   BIT SIZE         =   ----    ----
END OF MODULE INFORMATION.


C51 COMPILATION COMPLETE.  0 WARNING(S),  0 ERROR(S)
